[12/Dec/2019:20:12:11] (ℹ️): WordPress Instance Info:
[12/Dec/2019:20:12:11] (ℹ️): Home URL : https://www.notesandall.com
[12/Dec/2019:20:12:11] (ℹ️): Site URL : https://www.notesandall.com
[12/Dec/2019:20:12:11] (ℹ️): WordPress Version : 5.3
[12/Dec/2019:20:12:11] (ℹ️): Onboarding Version : 1.7.10
[12/Dec/2019:20:12:11] (ℹ️): Multisite : No
[12/Dec/2019:20:12:11] (ℹ️): Server Info : Apache
[12/Dec/2019:20:12:11] (ℹ️): PHP Version : 7.3.11
[12/Dec/2019:20:12:11] (ℹ️): HTTPS : Yes
[12/Dec/2019:20:12:11] (ℹ️): PHP Max Execution Time : 300
[12/Dec/2019:20:12:11] (ℹ️): PHP Max Input Vars : 1000
[12/Dec/2019:20:12:11] (ℹ️): Max Upload Size : 41943040
[12/Dec/2019:20:12:11] (ℹ️): Plugins:
[12/Dec/2019:20:12:11] (ℹ️): [PLUGIN] Akismet Anti-Spam : v4.1.3 (Automattic)
[12/Dec/2019:20:12:11] (ℹ️): [PLUGIN] AWS for WordPress : v4.0.1 (AWS Labs, WP Engine)
[12/Dec/2019:20:12:11] (ℹ️): [PLUGIN] WP Offload Media Lite : v2.3.2 (Delicious Brains)
[12/Dec/2019:20:12:11] (ℹ️): [PLUGIN] Custom Post Type UI : v1.7.1 (WebDevStudios)
[12/Dec/2019:20:12:11] (ℹ️): [PLUGIN] Slack Notifications : v2.0.5 (dorzki)
[12/Dec/2019:20:12:11] (ℹ️): [PLUGIN] Duplicator : v1.3.24 (Snap Creek)
[12/Dec/2019:20:12:11] (ℹ️): [PLUGIN] Elementor : v2.8.1 (Elementor.com)
[12/Dec/2019:20:12:11] (ℹ️): [PLUGIN] Google Analytics for WordPress by MonsterInsights : v7.10.1 (MonsterInsights)
[12/Dec/2019:20:12:11] (ℹ️): [PLUGIN] Header and Footer Scripts : v2.1.1 (Digital Liberation)
[12/Dec/2019:20:12:11] (ℹ️): [PLUGIN] Hide Admin Bar : v0.3.9.9 (Shelby DeNike)
[12/Dec/2019:20:12:11] (ℹ️): [PLUGIN] Jetpack by WordPress.com : v8.0 (Automattic)
[12/Dec/2019:20:12:11] (ℹ️): [PLUGIN] WPBakery Page Builder : v6.0.5 (Michael M - WPBakery.com)
[12/Dec/2019:20:12:11] (ℹ️): [PLUGIN] MC4WP: Mailchimp for WordPress : v4.7.4 (ibericode)
[12/Dec/2019:20:12:11] (ℹ️): [PLUGIN] Maintenance : v3.85 (WP Maintenance)
[12/Dec/2019:20:12:11] (ℹ️): [PLUGIN] Nextend Social Login : v3.0.20 (Nextendweb)
[12/Dec/2019:20:12:11] (ℹ️): [PLUGIN] One Click Demo Import : v2.5.2 (ProteusThemes)
[12/Dec/2019:20:12:11] (ℹ️): [PLUGIN] Gutenberg Blocks and Template Library by Otter : v1.3.1 (ThemeIsle)
[12/Dec/2019:20:12:11] (ℹ️): [PLUGIN] Really Simple SSL : v3.2.6 (Rogier Lankhorst, Mark Wolters)
[12/Dec/2019:20:12:11] (ℹ️): [PLUGIN] Social Share With Floating Bar : v1.0.0 (ThemeInWP)
[12/Dec/2019:20:12:11] (ℹ️): [PLUGIN] Orbit Fox Companion : v2.8.14 (Themeisle)
[12/Dec/2019:20:12:11] (ℹ️): [PLUGIN] Visualizer: Tables and Charts Manager for WordPress : v3.3.4 (Themeisle)
[12/Dec/2019:20:12:11] (ℹ️): [PLUGIN] Wordfence Security : v7.4.2 (Wordfence)
[12/Dec/2019:20:12:11] (ℹ️): [PLUGIN] Yoast SEO : v12.7.1 (Team Yoast)
[12/Dec/2019:20:12:11] (ℹ️): [PLUGIN] WP Mail SMTP : v1.8.0 (WPForms)
[12/Dec/2019:20:12:11] (ℹ️): [PLUGIN] WP Super Cache : v1.7.0 (Automattic)
[12/Dec/2019:20:12:11] (ℹ️): [PLUGIN] wpDiscuz : v5.3.5 (gVectors Team (A. Chakhoyan, G. Zakaryan, H. Martirosyan))
[12/Dec/2019:20:12:11] (ℹ️): [PLUGIN] WPeMatico : v2.5 (etruel )
[12/Dec/2019:20:12:11] (ℹ️): [PLUGIN] WPeMatico Full Content : v1.8 (etruel)
[12/Dec/2019:20:12:11] (ℹ️): [PLUGIN] WPeMatico Professional : v2.4 (etruel )
[12/Dec/2019:20:12:11] (ℹ️): [PLUGIN] WPForms Lite : v1.5.7 (WPForms)
